2025-01-16 17:03:49,437 INFO o.h.v.i.u.Version [background-preinit] HV000001: Hibernate Validator 8.0.2.Final
2025-01-16 17:03:49,607 INFO o.s.b.StartupInfoLogger [main] Starting Bootstrap using Java 21 with PID 17204 (C:\Users\koliveiras\workspace-study\BIM-WS\target\classes started by koliveiras in C:\Users\koliveiras\workspace-study\BIM-WS)
2025-01-16 17:03:49,609 DEBUG o.s.b.StartupInfoLogger [main] Running with Spring Boot v3.4.1, Spring v6.2.1
2025-01-16 17:03:49,612 INFO o.s.b.SpringApplication [main] The following 1 profile is active: "dev"
2025-01-16 17:03:51,955 INFO o.s.d.r.c.RepositoryConfigurationDelegate [main] Bootstrapping Spring Data JPA repositories in DEFAULT mode.
2025-01-16 17:03:52,225 INFO o.s.d.r.c.RepositoryConfigurationDelegate [main] Finished Spring Data repository scanning in 240 ms. Found 2 JPA repository interfaces.
2025-01-16 17:03:52,961 WARN o.s.c.s.PostProcessorRegistrationDelegate$BeanPostProcessorChecker [main] Bean 'wsConfig' of type [com.example.api.soap.config.WsConfig$$SpringCGLIB$$0] is not eligible for getting processed by all BeanPostProcessors (for example: not eligible for auto-proxying). Is this bean getting eagerly injected/applied to a currently created BeanPostProcessor [annotationActionEndpointMapping]? Check the corresponding BeanPostProcessor declaration and its dependencies/advisors. If this bean does not have to be post-processed, declare it with ROLE_INFRASTRUCTURE.
2025-01-16 17:03:52,964 WARN o.s.c.s.PostProcessorRegistrationDelegate$BeanPostProcessorChecker [main] Bean 'org.springframework.ws.config.annotation.DelegatingWsConfiguration' of type [org.springframework.ws.config.annotation.DelegatingWsConfiguration$$SpringCGLIB$$0] is not eligible for getting processed by all BeanPostProcessors (for example: not eligible for auto-proxying). The currently created BeanPostProcessor [annotationActionEndpointMapping] is declared through a non-static factory method on that class; consider declaring it as static instead.
2025-01-16 17:03:53,030 WARN o.s.c.s.PostProcessorRegistrationDelegate$BeanPostProcessorChecker [main] Bean 'loggerHandler' of type [com.example.shared.util.LoggerHandler] is not eligible for getting processed by all BeanPostProcessors (for example: not eligible for auto-proxying). Is this bean getting eagerly injected/applied to a currently created BeanPostProcessor [annotationActionEndpointMapping]? Check the corresponding BeanPostProcessor declaration and its dependencies/advisors. If this bean does not have to be post-processed, declare it with ROLE_INFRASTRUCTURE.
2025-01-16 17:03:53,037 INFO o.s.w.s.a.s.AbstractAddressingEndpointMapping [main] Supporting [WS-Addressing August 2004, WS-Addressing 1.0]
2025-01-16 17:03:54,220 INFO o.s.b.w.e.t.TomcatWebServer [main] Tomcat initialized with port 8080 (http)
2025-01-16 17:03:54,257 INFO o.a.j.l.DirectJDKLog [main] Initializing ProtocolHandler ["http-nio-8080"]
2025-01-16 17:03:54,266 INFO o.a.j.l.DirectJDKLog [main] Starting service [Tomcat]
2025-01-16 17:03:54,267 INFO o.a.j.l.DirectJDKLog [main] Starting Servlet engine: [Apache Tomcat/10.1.34]
2025-01-16 17:03:54,495 INFO o.a.j.l.DirectJDKLog [main] Initializing Spring embedded WebApplicationContext
2025-01-16 17:03:54,498 INFO o.s.b.w.s.c.ServletWebServerApplicationContext [main] Root WebApplicationContext: initialization completed in 4757 ms
2025-01-16 17:03:54,882 INFO c.z.h.HikariDataSource [main] HikariPool-1 - Starting...
2025-01-16 17:03:55,513 INFO c.z.h.p.HikariPool [main] HikariPool-1 - Added connection conn0: url=jdbc:h2:mem:db user=SA
2025-01-16 17:03:55,521 INFO c.z.h.HikariDataSource [main] HikariPool-1 - Start completed.
2025-01-16 17:03:55,757 INFO o.h.j.i.u.LogHelper [main] HHH000204: Processing PersistenceUnitInfo [name: default]
2025-01-16 17:03:55,996 INFO o.h.Version [main] HHH000412: Hibernate ORM core version 6.6.4.Final
2025-01-16 17:03:56,121 INFO o.h.c.i.RegionFactoryInitiator [main] HHH000026: Second-level cache disabled
2025-01-16 17:03:57,092 INFO o.s.o.j.p.SpringPersistenceUnitInfo [main] No LoadTimeWeaver setup: ignoring JPA class transformer
2025-01-16 17:03:57,324 INFO o.h.e.j.e.i.JdbcEnvironmentInitiator [main] HHH10001005: Database info:
	Database JDBC URL [Connecting through datasource 'HikariDataSource (HikariPool-1)']
	Database driver: undefined/unknown
	Database version: 2.3.232
	Autocommit mode: undefined/unknown
	Isolation level: undefined/unknown
	Minimum pool size: undefined/unknown
	Maximum pool size: undefined/unknown
2025-01-16 17:03:59,396 INFO o.h.e.t.j.p.i.JtaPlatformInitiator [main] HHH000489: No JTA platform available (set 'hibernate.transaction.jta.platform' to enable JTA platform integration)
2025-01-16 17:03:59,501 INFO o.s.o.j.AbstractEntityManagerFactoryBean [main] Initialized JPA EntityManagerFactory for persistence unit 'default'
2025-01-16 17:04:00,467 INFO o.s.d.j.r.q.QueryEnhancerFactory [main] Hibernate is in classpath; If applicable, HQL parser will be used.
2025-01-16 17:04:01,171 WARN o.s.b.a.o.j.JpaBaseConfiguration$JpaWebConfiguration [main] spring.jpa.open-in-view is enabled by default. Therefore, database queries may be performed during view rendering. Explicitly configure spring.jpa.open-in-view to disable this warning
2025-01-16 17:04:02,333 INFO o.a.j.l.DirectJDKLog [main] Starting ProtocolHandler ["http-nio-8080"]
2025-01-16 17:04:02,470 INFO o.s.b.w.e.t.TomcatWebServer [main] Tomcat started on port 8080 (http) with context path '/'
2025-01-16 17:04:02,494 INFO o.s.b.StartupInfoLogger [main] Started Bootstrap in 14.847 seconds (process running for 17.365)
2025-01-16 17:05:23,128 INFO o.h.v.i.u.Version [background-preinit] HV000001: Hibernate Validator 8.0.2.Final
2025-01-16 17:05:23,309 INFO o.s.b.StartupInfoLogger [main] Starting Bootstrap using Java 21 with PID 24620 (C:\Users\koliveiras\workspace-study\BIM-WS\target\classes started by koliveiras in C:\Users\koliveiras\workspace-study\BIM-WS)
2025-01-16 17:05:23,311 DEBUG o.s.b.StartupInfoLogger [main] Running with Spring Boot v3.4.1, Spring v6.2.1
2025-01-16 17:05:23,313 INFO o.s.b.SpringApplication [main] The following 1 profile is active: "dev"
2025-01-16 17:05:25,597 INFO o.s.d.r.c.RepositoryConfigurationDelegate [main] Bootstrapping Spring Data JPA repositories in DEFAULT mode.
2025-01-16 17:05:25,824 INFO o.s.d.r.c.RepositoryConfigurationDelegate [main] Finished Spring Data repository scanning in 198 ms. Found 2 JPA repository interfaces.
2025-01-16 17:05:26,531 WARN o.s.c.s.PostProcessorRegistrationDelegate$BeanPostProcessorChecker [main] Bean 'wsConfig' of type [com.example.api.soap.config.WsConfig$$SpringCGLIB$$0] is not eligible for getting processed by all BeanPostProcessors (for example: not eligible for auto-proxying). Is this bean getting eagerly injected/applied to a currently created BeanPostProcessor [annotationActionEndpointMapping]? Check the corresponding BeanPostProcessor declaration and its dependencies/advisors. If this bean does not have to be post-processed, declare it with ROLE_INFRASTRUCTURE.
2025-01-16 17:05:26,533 WARN o.s.c.s.PostProcessorRegistrationDelegate$BeanPostProcessorChecker [main] Bean 'org.springframework.ws.config.annotation.DelegatingWsConfiguration' of type [org.springframework.ws.config.annotation.DelegatingWsConfiguration$$SpringCGLIB$$0] is not eligible for getting processed by all BeanPostProcessors (for example: not eligible for auto-proxying). The currently created BeanPostProcessor [annotationActionEndpointMapping] is declared through a non-static factory method on that class; consider declaring it as static instead.
2025-01-16 17:05:26,596 WARN o.s.c.s.PostProcessorRegistrationDelegate$BeanPostProcessorChecker [main] Bean 'loggerHandler' of type [com.example.shared.util.LoggerHandler] is not eligible for getting processed by all BeanPostProcessors (for example: not eligible for auto-proxying). Is this bean getting eagerly injected/applied to a currently created BeanPostProcessor [annotationActionEndpointMapping]? Check the corresponding BeanPostProcessor declaration and its dependencies/advisors. If this bean does not have to be post-processed, declare it with ROLE_INFRASTRUCTURE.
2025-01-16 17:05:26,604 INFO o.s.w.s.a.s.AbstractAddressingEndpointMapping [main] Supporting [WS-Addressing August 2004, WS-Addressing 1.0]
2025-01-16 17:05:27,582 INFO o.s.b.w.e.t.TomcatWebServer [main] Tomcat initialized with port 8080 (http)
2025-01-16 17:05:27,608 INFO o.a.j.l.DirectJDKLog [main] Initializing ProtocolHandler ["http-nio-8080"]
2025-01-16 17:05:27,613 INFO o.a.j.l.DirectJDKLog [main] Starting service [Tomcat]
2025-01-16 17:05:27,614 INFO o.a.j.l.DirectJDKLog [main] Starting Servlet engine: [Apache Tomcat/10.1.34]
2025-01-16 17:05:27,803 INFO o.a.j.l.DirectJDKLog [main] Initializing Spring embedded WebApplicationContext
2025-01-16 17:05:27,808 INFO o.s.b.w.s.c.ServletWebServerApplicationContext [main] Root WebApplicationContext: initialization completed in 4368 ms
2025-01-16 17:05:28,167 INFO c.z.h.HikariDataSource [main] HikariPool-1 - Starting...
2025-01-16 17:05:28,703 INFO c.z.h.p.HikariPool [main] HikariPool-1 - Added connection conn0: url=jdbc:h2:mem:db user=SA
2025-01-16 17:05:28,710 INFO c.z.h.HikariDataSource [main] HikariPool-1 - Start completed.
2025-01-16 17:05:28,856 INFO o.h.j.i.u.LogHelper [main] HHH000204: Processing PersistenceUnitInfo [name: default]
2025-01-16 17:05:29,036 INFO o.h.Version [main] HHH000412: Hibernate ORM core version 6.6.4.Final
2025-01-16 17:05:29,143 INFO o.h.c.i.RegionFactoryInitiator [main] HHH000026: Second-level cache disabled
2025-01-16 17:05:29,908 INFO o.s.o.j.p.SpringPersistenceUnitInfo [main] No LoadTimeWeaver setup: ignoring JPA class transformer
2025-01-16 17:05:30,142 INFO o.h.e.j.e.i.JdbcEnvironmentInitiator [main] HHH10001005: Database info:
	Database JDBC URL [Connecting through datasource 'HikariDataSource (HikariPool-1)']
	Database driver: undefined/unknown
	Database version: 2.3.232
	Autocommit mode: undefined/unknown
	Isolation level: undefined/unknown
	Minimum pool size: undefined/unknown
	Maximum pool size: undefined/unknown
2025-01-16 17:05:31,924 INFO o.h.e.t.j.p.i.JtaPlatformInitiator [main] HHH000489: No JTA platform available (set 'hibernate.transaction.jta.platform' to enable JTA platform integration)
2025-01-16 17:05:32,023 INFO o.s.o.j.AbstractEntityManagerFactoryBean [main] Initialized JPA EntityManagerFactory for persistence unit 'default'
2025-01-16 17:05:32,783 INFO o.s.d.j.r.q.QueryEnhancerFactory [main] Hibernate is in classpath; If applicable, HQL parser will be used.
2025-01-16 17:05:33,510 WARN o.s.b.a.o.j.JpaBaseConfiguration$JpaWebConfiguration [main] spring.jpa.open-in-view is enabled by default. Therefore, database queries may be performed during view rendering. Explicitly configure spring.jpa.open-in-view to disable this warning
2025-01-16 17:05:34,581 INFO o.a.j.l.DirectJDKLog [main] Starting ProtocolHandler ["http-nio-8080"]
2025-01-16 17:05:34,733 INFO o.s.b.w.e.t.TomcatWebServer [main] Tomcat started on port 8080 (http) with context path '/'
2025-01-16 17:05:34,757 INFO o.s.b.StartupInfoLogger [main] Started Bootstrap in 13.644 seconds (process running for 16.209)
2025-01-16 17:05:58,494 INFO o.a.j.l.DirectJDKLog [http-nio-8080-exec-1] Initializing Spring MessageDispatcherServlet 'servletConfiguration'
2025-01-16 17:05:58,495 INFO o.s.w.s.FrameworkServlet [http-nio-8080-exec-1] Initializing Servlet 'servletConfiguration'
2025-01-16 17:05:58,508 INFO o.s.w.s.s.SaajSoapMessageFactory [http-nio-8080-exec-1] Creating SAAJ 1.3 MessageFactory with SOAP 1.1 Protocol
2025-01-16 17:05:58,550 INFO o.s.w.s.FrameworkServlet [http-nio-8080-exec-1] Completed initialization in 54 ms
2025-01-16 17:05:58,856 INFO c.e.s.u.LoggerHandler [http-nio-8080-exec-1] Received request ==> <?xml version="1.0" encoding="UTF-8"?><bim:retrieveAllCategories xmlns:bim="http://com.example/BIM-WS"/>
2025-01-16 17:05:59,232 INFO c.e.s.u.LoggerHandler [http-nio-8080-exec-1] Received response ==> <?xml version="1.0" encoding="UTF-8"?><SOAP-ENV:Fault xmlns:SOAP-ENV="http://schemas.xmlsoap.org/soap/envelope/">
  <faultcode>SOAP-ENV:Server</faultcode>
  <faultstring xml:lang="en">No categories found</faultstring>
</SOAP-ENV:Fault>

2025-01-16 17:05:59,233 DEBUG c.e.s.u.LoggerHandler [http-nio-8080-exec-1] Processing completed successfully for message context: org.springframework.ws.context.DefaultMessageContext@176c74b7
2025-01-16 17:06:20,636 INFO o.s.b.w.e.t.GracefulShutdown [SpringApplicationShutdownHook] Commencing graceful shutdown. Waiting for active requests to complete
2025-01-16 17:06:20,665 INFO o.s.b.w.e.t.GracefulShutdown [tomcat-shutdown] Graceful shutdown complete
2025-01-16 17:06:20,672 INFO o.s.o.j.AbstractEntityManagerFactoryBean [SpringApplicationShutdownHook] Closing JPA EntityManagerFactory for persistence unit 'default'
2025-01-16 17:06:20,681 INFO c.z.h.HikariDataSource [SpringApplicationShutdownHook] HikariPool-1 - Shutdown initiated...
2025-01-16 17:06:20,685 INFO c.z.h.HikariDataSource [SpringApplicationShutdownHook] HikariPool-1 - Shutdown completed.
2025-01-16 17:09:42,857 INFO o.h.v.i.u.Version [background-preinit] HV000001: Hibernate Validator 8.0.2.Final
2025-01-16 17:09:43,034 INFO o.s.b.StartupInfoLogger [main] Starting Bootstrap using Java 21 with PID 25340 (C:\Users\koliveiras\workspace-study\BIM-WS\target\classes started by koliveiras in C:\Users\koliveiras\workspace-study\BIM-WS)
2025-01-16 17:09:43,037 DEBUG o.s.b.StartupInfoLogger [main] Running with Spring Boot v3.4.1, Spring v6.2.1
2025-01-16 17:09:43,040 INFO o.s.b.SpringApplication [main] The following 1 profile is active: "dev"
2025-01-16 17:09:45,306 INFO o.s.d.r.c.RepositoryConfigurationDelegate [main] Bootstrapping Spring Data JPA repositories in DEFAULT mode.
2025-01-16 17:09:45,549 INFO o.s.d.r.c.RepositoryConfigurationDelegate [main] Finished Spring Data repository scanning in 213 ms. Found 2 JPA repository interfaces.
2025-01-16 17:09:46,292 WARN o.s.c.s.PostProcessorRegistrationDelegate$BeanPostProcessorChecker [main] Bean 'wsConfig' of type [com.example.api.soap.config.WsConfig$$SpringCGLIB$$0] is not eligible for getting processed by all BeanPostProcessors (for example: not eligible for auto-proxying). Is this bean getting eagerly injected/applied to a currently created BeanPostProcessor [annotationActionEndpointMapping]? Check the corresponding BeanPostProcessor declaration and its dependencies/advisors. If this bean does not have to be post-processed, declare it with ROLE_INFRASTRUCTURE.
2025-01-16 17:09:46,295 WARN o.s.c.s.PostProcessorRegistrationDelegate$BeanPostProcessorChecker [main] Bean 'org.springframework.ws.config.annotation.DelegatingWsConfiguration' of type [org.springframework.ws.config.annotation.DelegatingWsConfiguration$$SpringCGLIB$$0] is not eligible for getting processed by all BeanPostProcessors (for example: not eligible for auto-proxying). The currently created BeanPostProcessor [annotationActionEndpointMapping] is declared through a non-static factory method on that class; consider declaring it as static instead.
2025-01-16 17:09:46,367 WARN o.s.c.s.PostProcessorRegistrationDelegate$BeanPostProcessorChecker [main] Bean 'loggerHandler' of type [com.example.shared.util.LoggerHandler] is not eligible for getting processed by all BeanPostProcessors (for example: not eligible for auto-proxying). Is this bean getting eagerly injected/applied to a currently created BeanPostProcessor [annotationActionEndpointMapping]? Check the corresponding BeanPostProcessor declaration and its dependencies/advisors. If this bean does not have to be post-processed, declare it with ROLE_INFRASTRUCTURE.
2025-01-16 17:09:46,375 INFO o.s.w.s.a.s.AbstractAddressingEndpointMapping [main] Supporting [WS-Addressing August 2004, WS-Addressing 1.0]
2025-01-16 17:09:47,572 INFO o.s.b.w.e.t.TomcatWebServer [main] Tomcat initialized with port 8080 (http)
2025-01-16 17:09:47,602 INFO o.a.j.l.DirectJDKLog [main] Initializing ProtocolHandler ["http-nio-8080"]
2025-01-16 17:09:47,609 INFO o.a.j.l.DirectJDKLog [main] Starting service [Tomcat]
2025-01-16 17:09:47,610 INFO o.a.j.l.DirectJDKLog [main] Starting Servlet engine: [Apache Tomcat/10.1.34]
2025-01-16 17:09:47,828 INFO o.a.j.l.DirectJDKLog [main] Initializing Spring embedded WebApplicationContext
2025-01-16 17:09:47,832 INFO o.s.b.w.s.c.ServletWebServerApplicationContext [main] Root WebApplicationContext: initialization completed in 4652 ms
2025-01-16 17:09:48,278 INFO c.z.h.HikariDataSource [main] HikariPool-1 - Starting...
2025-01-16 17:09:48,917 INFO c.z.h.p.HikariPool [main] HikariPool-1 - Added connection conn0: url=jdbc:h2:mem:db user=SA
2025-01-16 17:09:48,924 INFO c.z.h.HikariDataSource [main] HikariPool-1 - Start completed.
2025-01-16 17:09:49,164 INFO o.h.j.i.u.LogHelper [main] HHH000204: Processing PersistenceUnitInfo [name: default]
2025-01-16 17:09:49,431 INFO o.h.Version [main] HHH000412: Hibernate ORM core version 6.6.4.Final
2025-01-16 17:09:49,546 INFO o.h.c.i.RegionFactoryInitiator [main] HHH000026: Second-level cache disabled
2025-01-16 17:09:50,872 INFO o.s.o.j.p.SpringPersistenceUnitInfo [main] No LoadTimeWeaver setup: ignoring JPA class transformer
2025-01-16 17:09:51,180 INFO o.h.e.j.e.i.JdbcEnvironmentInitiator [main] HHH10001005: Database info:
	Database JDBC URL [Connecting through datasource 'HikariDataSource (HikariPool-1)']
	Database driver: undefined/unknown
	Database version: 2.3.232
	Autocommit mode: undefined/unknown
	Isolation level: undefined/unknown
	Minimum pool size: undefined/unknown
	Maximum pool size: undefined/unknown
2025-01-16 17:09:53,747 INFO o.h.e.t.j.p.i.JtaPlatformInitiator [main] HHH000489: No JTA platform available (set 'hibernate.transaction.jta.platform' to enable JTA platform integration)
2025-01-16 17:09:53,942 INFO o.s.o.j.AbstractEntityManagerFactoryBean [main] Initialized JPA EntityManagerFactory for persistence unit 'default'
2025-01-16 17:09:54,929 INFO o.s.d.j.r.q.QueryEnhancerFactory [main] Hibernate is in classpath; If applicable, HQL parser will be used.
2025-01-16 17:09:55,793 WARN o.s.b.a.o.j.JpaBaseConfiguration$JpaWebConfiguration [main] spring.jpa.open-in-view is enabled by default. Therefore, database queries may be performed during view rendering. Explicitly configure spring.jpa.open-in-view to disable this warning
2025-01-16 17:09:56,987 INFO o.a.j.l.DirectJDKLog [main] Starting ProtocolHandler ["http-nio-8080"]
2025-01-16 17:09:57,147 INFO o.s.b.w.e.t.TomcatWebServer [main] Tomcat started on port 8080 (http) with context path '/'
2025-01-16 17:09:57,171 INFO o.s.b.StartupInfoLogger [main] Started Bootstrap in 16.367 seconds (process running for 19.72)
2025-01-16 17:10:26,723 INFO o.s.b.w.e.t.GracefulShutdown [SpringApplicationShutdownHook] Commencing graceful shutdown. Waiting for active requests to complete
2025-01-16 17:10:26,751 INFO o.s.b.w.e.t.GracefulShutdown [tomcat-shutdown] Graceful shutdown complete
2025-01-16 17:10:26,756 INFO o.s.o.j.AbstractEntityManagerFactoryBean [SpringApplicationShutdownHook] Closing JPA EntityManagerFactory for persistence unit 'default'
2025-01-16 17:10:26,764 INFO c.z.h.HikariDataSource [SpringApplicationShutdownHook] HikariPool-1 - Shutdown initiated...
2025-01-16 17:10:26,767 INFO c.z.h.HikariDataSource [SpringApplicationShutdownHook] HikariPool-1 - Shutdown completed.
2025-01-16 17:10:38,863 INFO o.h.v.i.u.Version [background-preinit] HV000001: Hibernate Validator 8.0.2.Final
2025-01-16 17:10:39,059 INFO o.s.b.StartupInfoLogger [main] Starting Bootstrap using Java 21 with PID 37556 (C:\Users\koliveiras\workspace-study\BIM-WS\target\classes started by koliveiras in C:\Users\koliveiras\workspace-study\BIM-WS)
2025-01-16 17:10:39,061 DEBUG o.s.b.StartupInfoLogger [main] Running with Spring Boot v3.4.1, Spring v6.2.1
2025-01-16 17:10:39,063 INFO o.s.b.SpringApplication [main] The following 1 profile is active: "dev"
2025-01-16 17:10:41,782 INFO o.s.d.r.c.RepositoryConfigurationDelegate [main] Bootstrapping Spring Data JPA repositories in DEFAULT mode.
2025-01-16 17:10:42,099 INFO o.s.d.r.c.RepositoryConfigurationDelegate [main] Finished Spring Data repository scanning in 276 ms. Found 2 JPA repository interfaces.
2025-01-16 17:10:42,972 WARN o.s.c.s.PostProcessorRegistrationDelegate$BeanPostProcessorChecker [main] Bean 'wsConfig' of type [com.example.api.soap.config.WsConfig$$SpringCGLIB$$0] is not eligible for getting processed by all BeanPostProcessors (for example: not eligible for auto-proxying). Is this bean getting eagerly injected/applied to a currently created BeanPostProcessor [annotationActionEndpointMapping]? Check the corresponding BeanPostProcessor declaration and its dependencies/advisors. If this bean does not have to be post-processed, declare it with ROLE_INFRASTRUCTURE.
2025-01-16 17:10:42,975 WARN o.s.c.s.PostProcessorRegistrationDelegate$BeanPostProcessorChecker [main] Bean 'org.springframework.ws.config.annotation.DelegatingWsConfiguration' of type [org.springframework.ws.config.annotation.DelegatingWsConfiguration$$SpringCGLIB$$0] is not eligible for getting processed by all BeanPostProcessors (for example: not eligible for auto-proxying). The currently created BeanPostProcessor [annotationActionEndpointMapping] is declared through a non-static factory method on that class; consider declaring it as static instead.
2025-01-16 17:10:43,045 WARN o.s.c.s.PostProcessorRegistrationDelegate$BeanPostProcessorChecker [main] Bean 'loggerHandler' of type [com.example.shared.util.LoggerHandler] is not eligible for getting processed by all BeanPostProcessors (for example: not eligible for auto-proxying). Is this bean getting eagerly injected/applied to a currently created BeanPostProcessor [annotationActionEndpointMapping]? Check the corresponding BeanPostProcessor declaration and its dependencies/advisors. If this bean does not have to be post-processed, declare it with ROLE_INFRASTRUCTURE.
2025-01-16 17:10:43,053 INFO o.s.w.s.a.s.AbstractAddressingEndpointMapping [main] Supporting [WS-Addressing August 2004, WS-Addressing 1.0]
2025-01-16 17:10:44,256 INFO o.s.b.w.e.t.TomcatWebServer [main] Tomcat initialized with port 8080 (http)
2025-01-16 17:10:44,291 INFO o.a.j.l.DirectJDKLog [main] Initializing ProtocolHandler ["http-nio-8080"]
2025-01-16 17:10:44,299 INFO o.a.j.l.DirectJDKLog [main] Starting service [Tomcat]
2025-01-16 17:10:44,300 INFO o.a.j.l.DirectJDKLog [main] Starting Servlet engine: [Apache Tomcat/10.1.34]
2025-01-16 17:10:44,536 INFO o.a.j.l.DirectJDKLog [main] Initializing Spring embedded WebApplicationContext
2025-01-16 17:10:44,539 INFO o.s.b.w.s.c.ServletWebServerApplicationContext [main] Root WebApplicationContext: initialization completed in 5310 ms
2025-01-16 17:10:44,928 INFO c.z.h.HikariDataSource [main] HikariPool-1 - Starting...
2025-01-16 17:10:45,582 INFO c.z.h.p.HikariPool [main] HikariPool-1 - Added connection conn0: url=jdbc:h2:mem:db user=SA
2025-01-16 17:10:45,588 INFO c.z.h.HikariDataSource [main] HikariPool-1 - Start completed.
2025-01-16 17:10:45,746 INFO o.h.j.i.u.LogHelper [main] HHH000204: Processing PersistenceUnitInfo [name: default]
2025-01-16 17:10:45,956 INFO o.h.Version [main] HHH000412: Hibernate ORM core version 6.6.4.Final
2025-01-16 17:10:46,079 INFO o.h.c.i.RegionFactoryInitiator [main] HHH000026: Second-level cache disabled
2025-01-16 17:10:47,047 INFO o.s.o.j.p.SpringPersistenceUnitInfo [main] No LoadTimeWeaver setup: ignoring JPA class transformer
2025-01-16 17:10:47,316 INFO o.h.e.j.e.i.JdbcEnvironmentInitiator [main] HHH10001005: Database info:
	Database JDBC URL [Connecting through datasource 'HikariDataSource (HikariPool-1)']
	Database driver: undefined/unknown
	Database version: 2.3.232
	Autocommit mode: undefined/unknown
	Isolation level: undefined/unknown
	Minimum pool size: undefined/unknown
	Maximum pool size: undefined/unknown
2025-01-16 17:10:49,900 INFO o.h.e.t.j.p.i.JtaPlatformInitiator [main] HHH000489: No JTA platform available (set 'hibernate.transaction.jta.platform' to enable JTA platform integration)
2025-01-16 17:10:50,017 INFO o.s.o.j.AbstractEntityManagerFactoryBean [main] Initialized JPA EntityManagerFactory for persistence unit 'default'
2025-01-16 17:10:51,212 INFO o.s.d.j.r.q.QueryEnhancerFactory [main] Hibernate is in classpath; If applicable, HQL parser will be used.
2025-01-16 17:10:51,886 WARN o.s.b.a.o.j.JpaBaseConfiguration$JpaWebConfiguration [main] spring.jpa.open-in-view is enabled by default. Therefore, database queries may be performed during view rendering. Explicitly configure spring.jpa.open-in-view to disable this warning
2025-01-16 17:10:53,015 INFO o.a.j.l.DirectJDKLog [main] Starting ProtocolHandler ["http-nio-8080"]
2025-01-16 17:10:53,152 INFO o.s.b.w.e.t.TomcatWebServer [main] Tomcat started on port 8080 (http) with context path '/'
2025-01-16 17:10:53,174 INFO o.s.b.StartupInfoLogger [main] Started Bootstrap in 16.193 seconds (process running for 18.777)
2025-01-16 17:11:04,986 INFO o.a.j.l.DirectJDKLog [http-nio-8080-exec-1] Initializing Spring MessageDispatcherServlet 'servletConfiguration'
2025-01-16 17:11:04,988 INFO o.s.w.s.FrameworkServlet [http-nio-8080-exec-1] Initializing Servlet 'servletConfiguration'
2025-01-16 17:11:05,010 INFO o.s.w.s.s.SaajSoapMessageFactory [http-nio-8080-exec-1] Creating SAAJ 1.3 MessageFactory with SOAP 1.1 Protocol
2025-01-16 17:11:05,083 INFO o.s.w.s.FrameworkServlet [http-nio-8080-exec-1] Completed initialization in 93 ms
2025-01-16 17:11:05,555 INFO o.a.j.l.DirectJDKLog [http-nio-8080-exec-2] Initializing Spring DispatcherServlet 'dispatcherServlet'
2025-01-16 17:11:05,555 INFO o.s.w.s.FrameworkServlet [http-nio-8080-exec-2] Initializing Servlet 'dispatcherServlet'
2025-01-16 17:11:05,560 INFO o.s.w.s.FrameworkServlet [http-nio-8080-exec-2] Completed initialization in 4 ms
